<?xml version="1.0" encoding="UTF-8"?>
<testsuite xmlns:xsi="http://www.w3.org/2001/XMLSchema-instance" xsi:noNamespaceSchemaLocation="https://maven.apache.org/surefire/maven-surefire-plugin/xsd/surefire-test-report.xsd" name="runner.TestRunner" time="8.107" tests="2" errors="2" skipped="0" failures="0">
  <properties>
    <property name="sun.desktop" value="windows"/>
    <property name="awt.toolkit" value="sun.awt.windows.WToolkit"/>
    <property name="file.encoding.pkg" value="sun.io"/>
    <property name="java.specification.version" value="1.8"/>
    <property name="sun.cpu.isalist" value="amd64"/>
    <property name="sun.jnu.encoding" value="Cp1252"/>
    <property name="java.class.path" value="C:\Users\essai\OneDrive\Desktop\eclipse-jee-kepler-SR2-Java8-win32-x86_64\us.tekschool.capstone.bdd\target\test-classes;C:\Users\essai\OneDrive\Desktop\eclipse-jee-kepler-SR2-Java8-win32-x86_64\us.tekschool.capstone.bdd\target\classes;C:\Users\essai\.m2\repository\org\seleniumhq\selenium\selenium-java\3.141.59\selenium-java-3.141.59.jar;C:\Users\essai\.m2\repository\org\seleniumhq\selenium\selenium-api\3.141.59\selenium-api-3.141.59.jar;C:\Users\essai\.m2\repository\org\seleniumhq\selenium\selenium-chrome-driver\3.141.59\selenium-chrome-driver-3.141.59.jar;C:\Users\essai\.m2\repository\org\seleniumhq\selenium\selenium-edge-driver\3.141.59\selenium-edge-driver-3.141.59.jar;C:\Users\essai\.m2\repository\org\seleniumhq\selenium\selenium-firefox-driver\3.141.59\selenium-firefox-driver-3.141.59.jar;C:\Users\essai\.m2\repository\org\seleniumhq\selenium\selenium-ie-driver\3.141.59\selenium-ie-driver-3.141.59.jar;C:\Users\essai\.m2\repository\org\seleniumhq\selenium\selenium-opera-driver\3.141.59\selenium-opera-driver-3.141.59.jar;C:\Users\essai\.m2\repository\org\seleniumhq\selenium\selenium-remote-driver\3.141.59\selenium-remote-driver-3.141.59.jar;C:\Users\essai\.m2\repository\org\seleniumhq\selenium\selenium-safari-driver\3.141.59\selenium-safari-driver-3.141.59.jar;C:\Users\essai\.m2\repository\org\seleniumhq\selenium\selenium-support\3.141.59\selenium-support-3.141.59.jar;C:\Users\essai\.m2\repository\net\bytebuddy\byte-buddy\1.8.15\byte-buddy-1.8.15.jar;C:\Users\essai\.m2\repository\org\apache\commons\commons-exec\1.3\commons-exec-1.3.jar;C:\Users\essai\.m2\repository\com\google\guava\guava\25.0-jre\guava-25.0-jre.jar;C:\Users\essai\.m2\repository\com\google\code\findbugs\jsr305\1.3.9\jsr305-1.3.9.jar;C:\Users\essai\.m2\repository\org\checkerframework\checker-compat-qual\2.0.0\checker-compat-qual-2.0.0.jar;C:\Users\essai\.m2\repository\com\google\errorprone\error_prone_annotations\2.1.3\error_prone_annotations-2.1.3.jar;C:\Users\essai\.m2\repository\com\google\j2objc\j2objc-annotations\1.1\j2objc-annotations-1.1.jar;C:\Users\essai\.m2\repository\org\codehaus\mojo\animal-sniffer-annotations\1.14\animal-sniffer-annotations-1.14.jar;C:\Users\essai\.m2\repository\com\squareup\okhttp3\okhttp\3.11.0\okhttp-3.11.0.jar;C:\Users\essai\.m2\repository\com\squareup\okio\okio\1.14.0\okio-1.14.0.jar;C:\Users\essai\.m2\repository\junit\junit\4.11\junit-4.11.jar;C:\Users\essai\.m2\repository\org\hamcrest\hamcrest-core\1.3\hamcrest-core-1.3.jar;C:\Users\essai\.m2\repository\io\cucumber\cucumber-java\6.11.0\cucumber-java-6.11.0.jar;C:\Users\essai\.m2\repository\io\cucumber\cucumber-core\6.11.0\cucumber-core-6.11.0.jar;C:\Users\essai\.m2\repository\io\cucumber\cucumber-gherkin\6.11.0\cucumber-gherkin-6.11.0.jar;C:\Users\essai\.m2\repository\io\cucumber\cucumber-gherkin-messages\6.11.0\cucumber-gherkin-messages-6.11.0.jar;C:\Users\essai\.m2\repository\io\cucumber\messages\15.0.0\messages-15.0.0.jar;C:\Users\essai\.m2\repository\io\cucumber\tag-expressions\3.0.1\tag-expressions-3.0.1.jar;C:\Users\essai\.m2\repository\io\cucumber\cucumber-expressions\10.3.0\cucumber-expressions-10.3.0.jar;C:\Users\essai\.m2\repository\io\cucumber\datatable\3.5.0\datatable-3.5.0.jar;C:\Users\essai\.m2\repository\io\cucumber\cucumber-plugin\6.11.0\cucumber-plugin-6.11.0.jar;C:\Users\essai\.m2\repository\io\cucumber\docstring\6.11.0\docstring-6.11.0.jar;C:\Users\essai\.m2\repository\io\cucumber\html-formatter\13.0.0\html-formatter-13.0.0.jar;C:\Users\essai\.m2\repository\io\cucumber\create-meta\4.0.0\create-meta-4.0.0.jar;C:\Users\essai\.m2\repository\org\apiguardian\apiguardian-api\1.1.2\apiguardian-api-1.1.2.jar;C:\Users\essai\.m2\repository\commons-io\commons-io\2.11.0\commons-io-2.11.0.jar;C:\Users\essai\.m2\repository\org\apache\logging\log4j\log4j-core\2.17.2\log4j-core-2.17.2.jar;C:\Users\essai\.m2\repository\org\apache\logging\log4j\log4j-api\2.17.2\log4j-api-2.17.2.jar;C:\Users\essai\.m2\repository\log4j\log4j\1.2.17\log4j-1.2.17.jar;C:\Users\essai\.m2\repository\net\masterthought\cucumber-reporting\4.11.2\cucumber-reporting-4.11.2.jar;C:\Users\essai\.m2\repository\com\fasterxml\jackson\core\jackson-databind\2.9.9.3\jackson-databind-2.9.9.3.jar;C:\Users\essai\.m2\repository\com\fasterxml\jackson\core\jackson-annotations\2.9.0\jackson-annotations-2.9.0.jar;C:\Users\essai\.m2\repository\com\fasterxml\jackson\core\jackson-core\2.9.9\jackson-core-2.9.9.jar;C:\Users\essai\.m2\repository\org\apache\velocity\velocity\1.7\velocity-1.7.jar;C:\Users\essai\.m2\repository\commons-lang\commons-lang\2.4\commons-lang-2.4.jar;C:\Users\essai\.m2\repository\commons-collections\commons-collections\3.2.2\commons-collections-3.2.2.jar;C:\Users\essai\.m2\repository\velocity-tools\velocity-tools\1.4\velocity-tools-1.4.jar;C:\Users\essai\.m2\repository\joda-time\joda-time\2.10.2\joda-time-2.10.2.jar;C:\Users\essai\.m2\repository\org\apache\commons\commons-lang3\3.9\commons-lang3-3.9.jar;C:\Users\essai\.m2\repository\org\codehaus\plexus\plexus-utils\3.2.0\plexus-utils-3.2.0.jar;C:\Users\essai\.m2\repository\org\jsoup\jsoup\1.12.1\jsoup-1.12.1.jar;C:\Users\essai\.m2\repository\com\googlecode\owasp-java-html-sanitizer\owasp-java-html-sanitizer\20190610.1\owasp-java-html-sanitizer-20190610.1.jar;C:\Users\essai\.m2\repository\commons-configuration\commons-configuration\1.10\commons-configuration-1.10.jar;C:\Users\essai\.m2\repository\commons-logging\commons-logging\1.1.1\commons-logging-1.1.1.jar;C:\Users\essai\.m2\repository\io\cucumber\cucumber-junit\6.11.0\cucumber-junit-6.11.0.jar;C:\Users\essai\.m2\repository\io\github\bonigarcia\webdrivermanager\3.8.1\webdrivermanager-3.8.1.jar;C:\Users\essai\.m2\repository\org\slf4j\slf4j-api\1.7.25\slf4j-api-1.7.25.jar;C:\Users\essai\.m2\repository\com\google\code\gson\gson\2.8.5\gson-2.8.5.jar;C:\Users\essai\.m2\repository\org\apache\httpcomponents\httpclient\4.5.6\httpclient-4.5.6.jar;C:\Users\essai\.m2\repository\org\apache\httpcomponents\httpcore\4.4.10\httpcore-4.4.10.jar;C:\Users\essai\.m2\repository\commons-codec\commons-codec\1.10\commons-codec-1.10.jar;C:\Users\essai\.m2\repository\org\rauschig\jarchivelib\1.0.0\jarchivelib-1.0.0.jar;C:\Users\essai\.m2\repository\org\apache\commons\commons-compress\1.18\commons-compress-1.18.jar;"/>
    <property name="java.vm.vendor" value="Oracle Corporation"/>
    <property name="sun.arch.data.model" value="64"/>
    <property name="user.variant" value=""/>
    <property name="java.vendor.url" value="http://java.oracle.com/"/>
    <property name="user.timezone" value="America/New_York"/>
    <property name="java.vm.specification.version" value="1.8"/>
    <property name="os.name" value="Windows 10"/>
    <property name="user.country" value="US"/>
    <property name="sun.java.launcher" value="SUN_STANDARD"/>
    <property name="sun.boot.library.path" value="C:\Program Files\Java\jdk1.8.0_202\jre\bin"/>
    <property name="sun.java.command" value="C:\Users\essai\AppData\Local\Temp\surefire5197040214174330817\surefirebooter4342496037015005775.jar C:\Users\essai\AppData\Local\Temp\surefire5197040214174330817 2022-08-03T21-03-56_719-jvmRun1 surefire3903226249888938673tmp surefire_0447604496301565176tmp"/>
    <property name="surefire.test.class.path" value="C:\Users\essai\OneDrive\Desktop\eclipse-jee-kepler-SR2-Java8-win32-x86_64\us.tekschool.capstone.bdd\target\test-classes;C:\Users\essai\OneDrive\Desktop\eclipse-jee-kepler-SR2-Java8-win32-x86_64\us.tekschool.capstone.bdd\target\classes;C:\Users\essai\.m2\repository\org\seleniumhq\selenium\selenium-java\3.141.59\selenium-java-3.141.59.jar;C:\Users\essai\.m2\repository\org\seleniumhq\selenium\selenium-api\3.141.59\selenium-api-3.141.59.jar;C:\Users\essai\.m2\repository\org\seleniumhq\selenium\selenium-chrome-driver\3.141.59\selenium-chrome-driver-3.141.59.jar;C:\Users\essai\.m2\repository\org\seleniumhq\selenium\selenium-edge-driver\3.141.59\selenium-edge-driver-3.141.59.jar;C:\Users\essai\.m2\repository\org\seleniumhq\selenium\selenium-firefox-driver\3.141.59\selenium-firefox-driver-3.141.59.jar;C:\Users\essai\.m2\repository\org\seleniumhq\selenium\selenium-ie-driver\3.141.59\selenium-ie-driver-3.141.59.jar;C:\Users\essai\.m2\repository\org\seleniumhq\selenium\selenium-opera-driver\3.141.59\selenium-opera-driver-3.141.59.jar;C:\Users\essai\.m2\repository\org\seleniumhq\selenium\selenium-remote-driver\3.141.59\selenium-remote-driver-3.141.59.jar;C:\Users\essai\.m2\repository\org\seleniumhq\selenium\selenium-safari-driver\3.141.59\selenium-safari-driver-3.141.59.jar;C:\Users\essai\.m2\repository\org\seleniumhq\selenium\selenium-support\3.141.59\selenium-support-3.141.59.jar;C:\Users\essai\.m2\repository\net\bytebuddy\byte-buddy\1.8.15\byte-buddy-1.8.15.jar;C:\Users\essai\.m2\repository\org\apache\commons\commons-exec\1.3\commons-exec-1.3.jar;C:\Users\essai\.m2\repository\com\google\guava\guava\25.0-jre\guava-25.0-jre.jar;C:\Users\essai\.m2\repository\com\google\code\findbugs\jsr305\1.3.9\jsr305-1.3.9.jar;C:\Users\essai\.m2\repository\org\checkerframework\checker-compat-qual\2.0.0\checker-compat-qual-2.0.0.jar;C:\Users\essai\.m2\repository\com\google\errorprone\error_prone_annotations\2.1.3\error_prone_annotations-2.1.3.jar;C:\Users\essai\.m2\repository\com\google\j2objc\j2objc-annotations\1.1\j2objc-annotations-1.1.jar;C:\Users\essai\.m2\repository\org\codehaus\mojo\animal-sniffer-annotations\1.14\animal-sniffer-annotations-1.14.jar;C:\Users\essai\.m2\repository\com\squareup\okhttp3\okhttp\3.11.0\okhttp-3.11.0.jar;C:\Users\essai\.m2\repository\com\squareup\okio\okio\1.14.0\okio-1.14.0.jar;C:\Users\essai\.m2\repository\junit\junit\4.11\junit-4.11.jar;C:\Users\essai\.m2\repository\org\hamcrest\hamcrest-core\1.3\hamcrest-core-1.3.jar;C:\Users\essai\.m2\repository\io\cucumber\cucumber-java\6.11.0\cucumber-java-6.11.0.jar;C:\Users\essai\.m2\repository\io\cucumber\cucumber-core\6.11.0\cucumber-core-6.11.0.jar;C:\Users\essai\.m2\repository\io\cucumber\cucumber-gherkin\6.11.0\cucumber-gherkin-6.11.0.jar;C:\Users\essai\.m2\repository\io\cucumber\cucumber-gherkin-messages\6.11.0\cucumber-gherkin-messages-6.11.0.jar;C:\Users\essai\.m2\repository\io\cucumber\messages\15.0.0\messages-15.0.0.jar;C:\Users\essai\.m2\repository\io\cucumber\tag-expressions\3.0.1\tag-expressions-3.0.1.jar;C:\Users\essai\.m2\repository\io\cucumber\cucumber-expressions\10.3.0\cucumber-expressions-10.3.0.jar;C:\Users\essai\.m2\repository\io\cucumber\datatable\3.5.0\datatable-3.5.0.jar;C:\Users\essai\.m2\repository\io\cucumber\cucumber-plugin\6.11.0\cucumber-plugin-6.11.0.jar;C:\Users\essai\.m2\repository\io\cucumber\docstring\6.11.0\docstring-6.11.0.jar;C:\Users\essai\.m2\repository\io\cucumber\html-formatter\13.0.0\html-formatter-13.0.0.jar;C:\Users\essai\.m2\repository\io\cucumber\create-meta\4.0.0\create-meta-4.0.0.jar;C:\Users\essai\.m2\repository\org\apiguardian\apiguardian-api\1.1.2\apiguardian-api-1.1.2.jar;C:\Users\essai\.m2\repository\commons-io\commons-io\2.11.0\commons-io-2.11.0.jar;C:\Users\essai\.m2\repository\org\apache\logging\log4j\log4j-core\2.17.2\log4j-core-2.17.2.jar;C:\Users\essai\.m2\repository\org\apache\logging\log4j\log4j-api\2.17.2\log4j-api-2.17.2.jar;C:\Users\essai\.m2\repository\log4j\log4j\1.2.17\log4j-1.2.17.jar;C:\Users\essai\.m2\repository\net\masterthought\cucumber-reporting\4.11.2\cucumber-reporting-4.11.2.jar;C:\Users\essai\.m2\repository\com\fasterxml\jackson\core\jackson-databind\2.9.9.3\jackson-databind-2.9.9.3.jar;C:\Users\essai\.m2\repository\com\fasterxml\jackson\core\jackson-annotations\2.9.0\jackson-annotations-2.9.0.jar;C:\Users\essai\.m2\repository\com\fasterxml\jackson\core\jackson-core\2.9.9\jackson-core-2.9.9.jar;C:\Users\essai\.m2\repository\org\apache\velocity\velocity\1.7\velocity-1.7.jar;C:\Users\essai\.m2\repository\commons-lang\commons-lang\2.4\commons-lang-2.4.jar;C:\Users\essai\.m2\repository\commons-collections\commons-collections\3.2.2\commons-collections-3.2.2.jar;C:\Users\essai\.m2\repository\velocity-tools\velocity-tools\1.4\velocity-tools-1.4.jar;C:\Users\essai\.m2\repository\joda-time\joda-time\2.10.2\joda-time-2.10.2.jar;C:\Users\essai\.m2\repository\org\apache\commons\commons-lang3\3.9\commons-lang3-3.9.jar;C:\Users\essai\.m2\repository\org\codehaus\plexus\plexus-utils\3.2.0\plexus-utils-3.2.0.jar;C:\Users\essai\.m2\repository\org\jsoup\jsoup\1.12.1\jsoup-1.12.1.jar;C:\Users\essai\.m2\repository\com\googlecode\owasp-java-html-sanitizer\owasp-java-html-sanitizer\20190610.1\owasp-java-html-sanitizer-20190610.1.jar;C:\Users\essai\.m2\repository\commons-configuration\commons-configuration\1.10\commons-configuration-1.10.jar;C:\Users\essai\.m2\repository\commons-logging\commons-logging\1.1.1\commons-logging-1.1.1.jar;C:\Users\essai\.m2\repository\io\cucumber\cucumber-junit\6.11.0\cucumber-junit-6.11.0.jar;C:\Users\essai\.m2\repository\io\github\bonigarcia\webdrivermanager\3.8.1\webdrivermanager-3.8.1.jar;C:\Users\essai\.m2\repository\org\slf4j\slf4j-api\1.7.25\slf4j-api-1.7.25.jar;C:\Users\essai\.m2\repository\com\google\code\gson\gson\2.8.5\gson-2.8.5.jar;C:\Users\essai\.m2\repository\org\apache\httpcomponents\httpclient\4.5.6\httpclient-4.5.6.jar;C:\Users\essai\.m2\repository\org\apache\httpcomponents\httpcore\4.4.10\httpcore-4.4.10.jar;C:\Users\essai\.m2\repository\commons-codec\commons-codec\1.10\commons-codec-1.10.jar;C:\Users\essai\.m2\repository\org\rauschig\jarchivelib\1.0.0\jarchivelib-1.0.0.jar;C:\Users\essai\.m2\repository\org\apache\commons\commons-compress\1.18\commons-compress-1.18.jar;"/>
    <property name="sun.cpu.endian" value="little"/>
    <property name="user.home" value="C:\Users\essai"/>
    <property name="user.language" value="en"/>
    <property name="java.specification.vendor" value="Oracle Corporation"/>
    <property name="java.home" value="C:\Program Files\Java\jdk1.8.0_202\jre"/>
    <property name="basedir" value="C:\Users\essai\OneDrive\Desktop\eclipse-jee-kepler-SR2-Java8-win32-x86_64\us.tekschool.capstone.bdd"/>
    <property name="file.separator" value="\"/>
    <property name="line.separator" value="&#10;"/>
    <property name="java.vm.specification.vendor" value="Oracle Corporation"/>
    <property name="java.specification.name" value="Java Platform API Specification"/>
    <property name="java.awt.graphicsenv" value="sun.awt.Win32GraphicsEnvironment"/>
    <property name="surefire.real.class.path" value="C:\Users\essai\AppData\Local\Temp\surefire5197040214174330817\surefirebooter4342496037015005775.jar"/>
    <property name="sun.boot.class.path" value="C:\Program Files\Java\jdk1.8.0_202\jre\lib\resources.jar;C:\Program Files\Java\jdk1.8.0_202\jre\lib\rt.jar;C:\Program Files\Java\jdk1.8.0_202\jre\lib\sunrsasign.jar;C:\Program Files\Java\jdk1.8.0_202\jre\lib\jsse.jar;C:\Program Files\Java\jdk1.8.0_202\jre\lib\jce.jar;C:\Program Files\Java\jdk1.8.0_202\jre\lib\charsets.jar;C:\Program Files\Java\jdk1.8.0_202\jre\lib\jfr.jar;C:\Program Files\Java\jdk1.8.0_202\jre\classes"/>
    <property name="user.script" value=""/>
    <property name="sun.management.compiler" value="HotSpot 64-Bit Tiered Compilers"/>
    <property name="java.runtime.version" value="1.8.0_202-b08"/>
    <property name="user.name" value="essai"/>
    <property name="path.separator" value=";"/>
    <property name="os.version" value="10.0"/>
    <property name="java.endorsed.dirs" value="C:\Program Files\Java\jdk1.8.0_202\jre\lib\endorsed"/>
    <property name="java.runtime.name" value="Java(TM) SE Runtime Environment"/>
    <property name="file.encoding" value="Cp1252"/>
    <property name="java.vm.name" value="Java HotSpot(TM) 64-Bit Server VM"/>
    <property name="localRepository" value="C:\Users\essai\.m2\repository"/>
    <property name="java.vendor.url.bug" value="http://bugreport.sun.com/bugreport/"/>
    <property name="java.io.tmpdir" value="C:\Users\essai\AppData\Local\Temp\"/>
    <property name="java.version" value="1.8.0_202"/>
    <property name="user.dir" value="C:\Users\essai\OneDrive\Desktop\eclipse-jee-kepler-SR2-Java8-win32-x86_64\us.tekschool.capstone.bdd"/>
    <property name="os.arch" value="amd64"/>
    <property name="java.vm.specification.name" value="Java Virtual Machine Specification"/>
    <property name="java.awt.printerjob" value="sun.awt.windows.WPrinterJob"/>
    <property name="sun.os.patch.level" value=""/>
    <property name="java.library.path" value="C:\Program Files\Java\jdk1.8.0_202\jre\bin;C:\WINDOWS\Sun\Java\bin;C:\WINDOWS\system32;C:\WINDOWS;C:/Program Files/Java/jdk1.8.0_202/bin/../jre/bin/server;C:/Program Files/Java/jdk1.8.0_202/bin/../jre/bin;C:/Program Files/Java/jdk1.8.0_202/bin/../jre/lib/amd64;C:\Program Files\Java\jdk1.8.0_202\bin;C:\Program Files\Git\cmd;C:\Program Files\Java\jdk1.8.0_202\bin;C:\Users\essai\Downloads\eclipse-jee-2018-12-R-win32-x86_64\eclipse;;."/>
    <property name="java.vm.info" value="mixed mode"/>
    <property name="java.vendor" value="Oracle Corporation"/>
    <property name="java.vm.version" value="25.202-b08"/>
    <property name="java.ext.dirs" value="C:\Program Files\Java\jdk1.8.0_202\jre\lib\ext;C:\WINDOWS\Sun\Java\lib\ext"/>
    <property name="sun.io.unicode.encoding" value="UnicodeLittle"/>
    <property name="java.class.version" value="52.0"/>
  </properties>
  <testcase name="Product Comparison" classname="LapTop &amp; NoteBooks" time="3.942">
    <error message="session not created: This version of ChromeDriver only supports Chrome version 104&#10;Current browser version is 103.0.5060.134 with binary path C:\Program Files\Google\Chrome\Application\chrome.exe&#10;Build info: version: &apos;3.141.59&apos;, revision: &apos;e82be7d358&apos;, time: &apos;2018-11-14T08:17:03&apos;&#10;System info: host: &apos;LAPTOP-S91MI170&apos;, ip: &apos;10.0.0.50&apos;, os.name: &apos;Windows 10&apos;, os.arch: &apos;amd64&apos;, os.version: &apos;10.0&apos;, java.version: &apos;1.8.0_202&apos;&#10;Driver info: driver.version: ChromeDriver&#10;remote stacktrace: Backtrace:&#10;	Ordinal0 [0x003E78B3+2193587]&#10;	Ordinal0 [0x00380681+1771137]&#10;	Ordinal0 [0x002941A8+803240]&#10;	Ordinal0 [0x002B5CC3+941251]&#10;	Ordinal0 [0x002B13EF+922607]&#10;	Ordinal0 [0x002AEBC1+912321]&#10;	Ordinal0 [0x002E23B0+1123248]&#10;	Ordinal0 [0x002E200A+1122314]&#10;	Ordinal0 [0x002DD5C6+1103302]&#10;	Ordinal0 [0x002B77E0+948192]&#10;	Ordinal0 [0x002B86E6+952038]&#10;	GetHandleVerifier [0x00690CB2+2738370]&#10;	GetHandleVerifier [0x006821B8+2678216]&#10;	GetHandleVerifier [0x004717AA+512954]&#10;	GetHandleVerifier [0x00470856+509030]&#10;	Ordinal0 [0x0038743B+1799227]&#10;	Ordinal0 [0x0038BB68+1817448]&#10;	Ordinal0 [0x0038BC55+1817685]&#10;	Ordinal0 [0x00395230+1856048]&#10;	BaseThreadInitThunk [0x751A6739+25]&#10;	RtlGetFullPathName_UEx [0x77178FEF+1215]&#10;	RtlGetFullPathName_UEx [0x77178FBD+1165]&#10;" type="org.openqa.selenium.SessionNotCreatedException">org.openqa.selenium.SessionNotCreatedException: 
session not created: This version of ChromeDriver only supports Chrome version 104
Current browser version is 103.0.5060.134 with binary path C:\Program Files\Google\Chrome\Application\chrome.exe
Build info: version: '3.141.59', revision: 'e82be7d358', time: '2018-11-14T08:17:03'
System info: host: 'LAPTOP-S91MI170', ip: '10.0.0.50', os.name: 'Windows 10', os.arch: 'amd64', os.version: '10.0', java.version: '1.8.0_202'
Driver info: driver.version: ChromeDriver
remote stacktrace: Backtrace:
	Ordinal0 [0x003E78B3+2193587]
	Ordinal0 [0x00380681+1771137]
	Ordinal0 [0x002941A8+803240]
	Ordinal0 [0x002B5CC3+941251]
	Ordinal0 [0x002B13EF+922607]
	Ordinal0 [0x002AEBC1+912321]
	Ordinal0 [0x002E23B0+1123248]
	Ordinal0 [0x002E200A+1122314]
	Ordinal0 [0x002DD5C6+1103302]
	Ordinal0 [0x002B77E0+948192]
	Ordinal0 [0x002B86E6+952038]
	GetHandleVerifier [0x00690CB2+2738370]
	GetHandleVerifier [0x006821B8+2678216]
	GetHandleVerifier [0x004717AA+512954]
	GetHandleVerifier [0x00470856+509030]
	Ordinal0 [0x0038743B+1799227]
	Ordinal0 [0x0038BB68+1817448]
	Ordinal0 [0x0038BC55+1817685]
	Ordinal0 [0x00395230+1856048]
	BaseThreadInitThunk [0x751A6739+25]
	RtlGetFullPathName_UEx [0x77178FEF+1215]
	RtlGetFullPathName_UEx [0x77178FBD+1165]

</error>
    <system-out><![CDATA[
@Regression2failed
Scenario: Product Comparison                                 # features/laptop.feature:19
 INFO [main] (Initilizer.java:15)- Scenario Product Comparison started
      org.openqa.selenium.SessionNotCreatedException: session not created: This version of ChromeDriver only supports Chrome version 104
Current browser version is 103.0.5060.134 with binary path C:\Program Files\Google\Chrome\Application\chrome.exe
Build info: version: '3.141.59', revision: 'e82be7d358', time: '2018-11-14T08:17:03'
System info: host: 'LAPTOP-S91MI170', ip: '10.0.0.50', os.name: 'Windows 10', os.arch: 'amd64', os.version: '10.0', java.version: '1.8.0_202'
Driver info: driver.version: ChromeDriver
remote stacktrace: Backtrace:
	Ordinal0 [0x003E78B3+2193587]
	Ordinal0 [0x00380681+1771137]
	Ordinal0 [0x002941A8+803240]
	Ordinal0 [0x002B5CC3+941251]
	Ordinal0 [0x002B13EF+922607]
	Ordinal0 [0x002AEBC1+912321]
	Ordinal0 [0x002E23B0+1123248]
	Ordinal0 [0x002E200A+1122314]
	Ordinal0 [0x002DD5C6+1103302]
	Ordinal0 [0x002B77E0+948192]
	Ordinal0 [0x002B86E6+952038]
	GetHandleVerifier [0x00690CB2+2738370]
	GetHandleVerifier [0x006821B8+2678216]
	GetHandleVerifier [0x004717AA+512954]
	GetHandleVerifier [0x00470856+509030]
	Ordinal0 [0x0038743B+1799227]
	Ordinal0 [0x0038BB68+1817448]
	Ordinal0 [0x0038BC55+1817685]
	Ordinal0 [0x00395230+1856048]
	BaseThreadInitThunk [0x751A6739+25]
	RtlGetFullPathName_UEx [0x77178FEF+1215]
	RtlGetFullPathName_UEx [0x77178FBD+1165]

	at sun.reflect.NativeConstructorAccessorImpl.newInstance0(Native Method)
	at sun.reflect.NativeConstructorAccessorImpl.newInstance(NativeConstructorAccessorImpl.java:62)
	at sun.reflect.DelegatingConstructorAccessorImpl.newInstance(DelegatingConstructorAccessorImpl.java:45)
	at java.lang.reflect.Constructor.newInstance(Constructor.java:423)
	at org.openqa.selenium.remote.W3CHandshakeResponse.lambda$errorHandler$0(W3CHandshakeResponse.java:62)
	at org.openqa.selenium.remote.HandshakeResponse.lambda$getResponseFunction$0(HandshakeResponse.java:30)
	at org.openqa.selenium.remote.ProtocolHandshake.lambda$createSession$0(ProtocolHandshake.java:126)
	at java.util.stream.ReferencePipeline$3$1.accept(ReferencePipeline.java:193)
	at java.util.Spliterators$ArraySpliterator.tryAdvance(Spliterators.java:958)
	at java.util.stream.ReferencePipeline.forEachWithCancel(ReferencePipeline.java:126)
	at java.util.stream.AbstractPipeline.copyIntoWithCancel(AbstractPipeline.java:498)
	at java.util.stream.AbstractPipeline.copyInto(AbstractPipeline.java:485)
	at java.util.stream.AbstractPipeline.wrapAndCopyInto(AbstractPipeline.java:471)
	at java.util.stream.FindOps$FindOp.evaluateSequential(FindOps.java:152)
	at java.util.stream.AbstractPipeline.evaluate(AbstractPipeline.java:234)
	at java.util.stream.ReferencePipeline.findFirst(ReferencePipeline.java:464)
	at org.openqa.selenium.remote.ProtocolHandshake.createSession(ProtocolHandshake.java:128)
	at org.openqa.selenium.remote.ProtocolHandshake.createSession(ProtocolHandshake.java:74)
	at org.openqa.selenium.remote.HttpCommandExecutor.execute(HttpCommandExecutor.java:136)
	at org.openqa.selenium.remote.service.DriverCommandExecutor.execute(DriverCommandExecutor.java:83)
	at org.openqa.selenium.remote.RemoteWebDriver.execute(RemoteWebDriver.java:552)
	at org.openqa.selenium.remote.RemoteWebDriver.startSession(RemoteWebDriver.java:213)
	at org.openqa.selenium.remote.RemoteWebDriver.<init>(RemoteWebDriver.java:131)
	at org.openqa.selenium.chrome.ChromeDriver.<init>(ChromeDriver.java:181)
	at org.openqa.selenium.chrome.ChromeDriver.<init>(ChromeDriver.java:168)
	at org.openqa.selenium.chrome.ChromeDriver.<init>(ChromeDriver.java:123)
	at core.Base.browser(Base.java:77)
	at step.definition.Initilizer.beforeHooks(Initilizer.java:16)

  Given User is on Retail website                            # step.definition.RetailStepDefinition.User_is_on_Retail_website()
  When User click on Laptop and NoteBook tab                 # step.definition.LaptopDefiniation.User_click_on_Laptop_and_NoteBook_tab()
  And User click on Show all Laptop and NoteBook option      # step.definition.LaptopDefiniation.User_click_on_Show_all_Laptop_and_NoteBook_option()
  And User click on product comparison icon on 'MacBook'     # step.definition.LaptopDefiniation.User_click_on_product_comparison_icon_on(java.lang.String)
  And User click on product comparison icon on 'MacBook Air' # step.definition.LaptopDefiniation.User_click_on_product_comparison_icon_on(java.lang.String)
  Then User should see Product Comparison Chart              # step.definition.LaptopDefiniation.User_should_see_Product_Comparison_Chart()
      java.lang.NullPointerException
	at step.definition.Initilizer.afterHooks(Initilizer.java:24)

]]></system-out>
    <system-err><![CDATA[SLF4J: Failed to load class "org.slf4j.impl.StaticLoggerBinder".
SLF4J: Defaulting to no-operation (NOP) logger implementation
SLF4J: See http://www.slf4j.org/codes.html#StaticLoggerBinder for further details.
Starting ChromeDriver 104.0.5112.79 (3cf3e8c8a07d104b9e1260c910efb8f383285dc5-refs/branch-heads/5112@{#1307}) on port 16706
Only local connections are allowed.
Please see https://chromedriver.chromium.org/security-considerations for suggestions on keeping ChromeDriver safe.
ChromeDriver was started successfully.
]]></system-err>
  </testcase>
  <testcase name="Product Comparison" classname="LapTop &amp; NoteBooks" time="3.944">
    <error type="java.lang.NullPointerException">java.lang.NullPointerException
</error>
  </testcase>
</testsuite>